<?xml version="1.0" encoding="UTF-8" ?>
<testsuite tests="5" failures="0" name="util.TestSumTest" time="0.002" errors="0" skipped="0">
  <properties>
[...]
</properties>
  <testcase classname="util.TestSumTest" name="testSum1" time="0.001"/>
  <testcase classname="util.TestSumTest" name="testSum2" time="0"/>
  <testcase classname="util.TestSumTest" name="testSum3" time="0.001"/>
  <testcase classname="util.TestSumTest" name="testSum4" time="0"/>
  <testcase classname="util.TestSumTest" name="testSum5" time="0"/>
</testsuite>